\BOOKMARK [0][]{Contents.0}{Contents}{}% 1
\BOOKMARK [0][]{chapter*.2}{Introduction}{}% 2
\BOOKMARK [0][]{chapter.1}{Hyper-resolution}{}% 3
\BOOKMARK [1][]{section.1.1}{Preliminaries}{chapter.1}% 4
\BOOKMARK [2][]{Semantics.2}{Semantics}{section.1.1}% 5
\BOOKMARK [1][]{section.1.2}{Lifschitz's versions}{chapter.1}% 6
\BOOKMARK [2][]{section*.4}{Trivial applications}{section.1.2}% 7
\BOOKMARK [0][]{chapter.2}{Applications to commutative algebra}{}% 8
\BOOKMARK [1][]{section.2.1}{Basic notions of commutative algebra}{chapter.2}% 9
\BOOKMARK [1][]{section.2.2}{Applications}{chapter.2}% 10
\BOOKMARK [2][]{section*.5}{Linear equations}{section.2.2}% 11
\BOOKMARK [2][]{section*.6}{Nullstellensatz}{section.2.2}% 12
\BOOKMARK [0][]{chapter.3}{Applications to graph theory}{}% 13
\BOOKMARK [1][]{section.3.1}{Basic notions of graph theory}{chapter.3}% 14
\BOOKMARK [2][]{section*.8}{Directed graphs}{section.3.1}% 15
\BOOKMARK [1][]{section.3.2}{Hyper-resolution approach to coloring}{chapter.3}% 16
\BOOKMARK [2][]{section*.11}{Bipartite graphs}{section.3.2}% 17
\BOOKMARK [2][]{section*.13}{Gallai-Hasse-Roy-Vitaver theorem}{section.3.2}% 18
\BOOKMARK [2][]{section*.14}{n graphs}{section.3.2}% 19
\BOOKMARK [0][]{chapter*.17}{Conclusions}{}% 20
\BOOKMARK [0][]{section*.18}{Bibliography}{}% 21
