This is pdfTeX, Version 3.1415926-1.40.10 (TeX Live 2009/Debian) (format=latex 2017.12.28)  2 MAY 2018 18:15
entering extended mode
 %&-line parsing enabled.
**pro.tex
(./pro.tex
LaTeX2e <2009/09/24>
Babel <v3.8l> and hyphenation patterns for english, usenglishmax, dumylang, noh
yphenation, loaded.
(/usr/share/texmf-texlive/tex/latex/base/article.cls
Document Class: article 2007/10/19 v1.4h Standard LaTeX document class
(/usr/share/texmf-texlive/tex/latex/base/size12.clo
File: size12.clo 2007/10/19 v1.4h Standard LaTeX file (size option)
)
\c@part=\count79
\c@section=\count80
\c@subsection=\count81
\c@subsubsection=\count82
\c@paragraph=\count83
\c@subparagraph=\count84
\c@figure=\count85
\c@table=\count86
\abovecaptionskip=\skip41
\belowcaptionskip=\skip42
\bibindent=\dimen102
)
(/usr/share/texmf-texlive/tex/latex/natbib/natbib.sty
Package: natbib 2009/07/16 8.31 (PWD, AO)
\bibhang=\skip43
\bibsep=\skip44
LaTeX Info: Redefining \cite on input line 694.
\c@NAT@ctr=\count87
) (./pro.aux)
\openout1 = `pro.aux'.

LaTeX Font Info:    Checking defaults for OML/cmm/m/it on input line 4.
LaTeX Font Info:    ... okay on input line 4.
LaTeX Font Info:    Checking defaults for T1/cmr/m/n on input line 4.
LaTeX Font Info:    ... okay on input line 4.
LaTeX Font Info:    Checking defaults for OT1/cmr/m/n on input line 4.
LaTeX Font Info:    ... okay on input line 4.
LaTeX Font Info:    Checking defaults for OMS/cmsy/m/n on input line 4.
LaTeX Font Info:    ... okay on input line 4.
LaTeX Font Info:    Checking defaults for OMX/cmex/m/n on input line 4.
LaTeX Font Info:    ... okay on input line 4.
LaTeX Font Info:    Checking defaults for U/cmr/m/n on input line 4.
LaTeX Font Info:    ... okay on input line 4.
LaTeX Font Info:    External font `cmex10' loaded for size
(Font)              <14.4> on input line 10.
LaTeX Font Info:    External font `cmex10' loaded for size
(Font)              <7> on input line 10.


Package natbib Warning: Citation `ahu61' on page 1 undefined on input line 14.


Package natbib Warning: Citation `ab94' on page 1 undefined on input line 14.


Package natbib Warning: Citation `m85' on page 1 undefined on input line 14.


Package natbib Warning: Citation `m85' on page 1 undefined on input line 15.


Package natbib Warning: Citation `m85' on page 1 undefined on input line 16.


Package natbib Warning: Citation `m99' on page 1 undefined on input line 16.


Package natbib Warning: Citation `ahu61' on page 1 undefined on input line 17.

(./pro.bbl)

Package natbib Warning: There were undefined citations.

[1

] (./pro.aux

Package natbib Warning: Citation(s) may have changed.
(natbib)                Rerun to get citations correct.

) ) 
Here is how much of TeX's memory you used:
 573 strings out of 495062
 6429 string characters out of 1182643
 53901 words of memory out of 3000000
 3823 multiletter control sequences out of 15000+50000
 6579 words of font info for 24 fonts, out of 3000000 for 9000
 28 hyphenation exceptions out of 8191
 22i,6n,22p,195b,187s stack positions out of 5000i,500n,10000p,200000b,50000s

Output written on pro.dvi (1 page, 2012 bytes).
